info: SDL version: 2.32.2
info(SDLBackend): dpi 192 from SDL_GetDisplayDPI

info(SDLBackend): guessing initial backend scale 2 from dpi 192
info(dvui): window logical Size.Natural{ 1600 1200 } pixels Size.Physical{ 1600 1200 } natural scale 1 initial content scale 2 snap_to_pixels true

final union val = sdl-standalone.TestUnion{ .c2 = sdl-standalone.C2{ .value2 = 4.4e1 } }
final union val = sdl-standalone.TestUnion{ .c2 = sdl-standalone.C2{ .value2 = 4.4e1 } }
final union val = sdl-standalone.TestUnion{ .c2 = sdl-standalone.C2{ .value2 = 4.4e1 } }
final union val = sdl-standalone.TestUnion{ .c2 = sdl-standalone.C2{ .value2 = 4.4e1 } }
final union val = sdl-standalone.TestUnion{ .c2 = sdl-standalone.C2{ .value2 = 4.4e1 } }
final union val = sdl-standalone.TestUnion{ .c2 = sdl-standalone.C2{ .value2 = 4.4e1 } }
final union val = sdl-standalone.TestUnion{ .c2 = sdl-standalone.C2{ .value2 = 4.4e1 } }
final union val = sdl-standalone.TestUnion{ .c2 = sdl-standalone.C2{ .value2 = 4.4e1 } }
final union val = sdl-standalone.TestUnion{ .c2 = sdl-standalone.C2{ .value2 = 4.4e1 } }
final union val = sdl-standalone.TestUnion{ .c2 = sdl-standalone.C2{ .value2 = 4.4e1 } }
final union val = sdl-standalone.TestUnion{ .c2 = sdl-standalone.C2{ .value2 = 4.4e1 } }
final union val = sdl-standalone.TestUnion{ .c2 = sdl-standalone.C2{ .value2 = 4.4e1 } }
final union val = sdl-standalone.TestUnion{ .c2 = sdl-standalone.C2{ .value2 = 4.4e1 } }
final union val = sdl-standalone.TestUnion{ .c2 = sdl-standalone.C2{ .value2 = 4.4e1 } }
final union val = sdl-standalone.TestUnion{ .c2 = sdl-standalone.C2{ .value2 = 4.4e1 } }
final union val = sdl-standalone.TestUnion{ .c2 = sdl-standalone.C2{ .value2 = 4.4e1 } }
final union val = sdl-standalone.TestUnion{ .c2 = sdl-standalone.C2{ .value2 = 4.4e1 } }
final union val = sdl-standalone.TestUnion{ .c2 = sdl-standalone.C2{ .value2 = 4.4e1 } }
final union val = sdl-standalone.TestUnion{ .c2 = sdl-standalone.C2{ .value2 = 4.4e1 } }
final union val = sdl-standalone.TestUnion{ .c2 = sdl-standalone.C2{ .value2 = 4.4e1 } }
final union val = sdl-standalone.TestUnion{ .c2 = sdl-standalone.C2{ .value2 = 4.4e1 } }
final union val = sdl-standalone.TestUnion{ .c2 = sdl-standalone.C2{ .value2 = 4.4e1 } }
final union val = sdl-standalone.TestUnion{ .c2 = sdl-standalone.C2{ .value2 = 4.4e1 } }
final union val = sdl-standalone.TestUnion{ .c2 = sdl-standalone.C2{ .value2 = 4.4e1 } }
final union val = sdl-standalone.TestUnion{ .c2 = sdl-standalone.C2{ .value2 = 4.4e1 } }
final union val = sdl-standalone.TestUnion{ .c2 = sdl-standalone.C2{ .value2 = 4.4e1 } }
final union val = sdl-standalone.TestUnion{ .c2 = sdl-standalone.C2{ .value2 = 4.4e1 } }
final union val = sdl-standalone.TestUnion{ .c2 = sdl-standalone.C2{ .value2 = 4.4e1 } }
final union val = sdl-standalone.TestUnion{ .c2 = sdl-standalone.C2{ .value2 = 4.4e1 } }
final union val = sdl-standalone.TestUnion{ .c2 = sdl-standalone.C2{ .value2 = 4.4e1 } }
final union val = sdl-standalone.TestUnion{ .c2 = sdl-standalone.C2{ .value2 = 4.4e1 } }
final union val = sdl-standalone.TestUnion{ .c2 = sdl-standalone.C2{ .value2 = 4.4e1 } }
final union val = sdl-standalone.TestUnion{ .c2 = sdl-standalone.C2{ .value2 = 4.4e1 } }
final union val = sdl-standalone.TestUnion{ .c2 = sdl-standalone.C2{ .value2 = 4.4e1 } }
final union val = sdl-standalone.TestUnion{ .c2 = sdl-standalone.C2{ .value2 = 4.4e1 } }
final union val = sdl-standalone.TestUnion{ .c2 = sdl-standalone.C2{ .value2 = 4.4e1 } }
final union val = sdl-standalone.TestUnion{ .c2 = sdl-standalone.C2{ .value2 = 4.4e1 } }
final union val = sdl-standalone.TestUnion{ .c2 = sdl-standalone.C2{ .value2 = 4.4e1 } }
final union val = sdl-standalone.TestUnion{ .c2 = sdl-standalone.C2{ .value2 = 4.4e1 } }
final union val = sdl-standalone.TestUnion{ .c2 = sdl-standalone.C2{ .value2 = 4.4e1 } }
final union val = sdl-standalone.TestUnion{ .c2 = sdl-standalone.C2{ .value2 = 4.4e1 } }
final union val = sdl-standalone.TestUnion{ .c2 = sdl-standalone.C2{ .value2 = 4.4e1 } }
final union val = sdl-standalone.TestUnion{ .c2 = sdl-standalone.C2{ .value2 = 4.4e1 } }
final union val = sdl-standalone.TestUnion{ .c2 = sdl-standalone.C2{ .value2 = 4.4e1 } }
final union val = sdl-standalone.TestUnion{ .c2 = sdl-standalone.C2{ .value2 = 4.4e1 } }
final union val = sdl-standalone.TestUnion{ .c2 = sdl-standalone.C2{ .value2 = 4.4e1 } }
final union val = sdl-standalone.TestUnion{ .c2 = sdl-standalone.C2{ .value2 = 4.4e1 } }
final union val = sdl-standalone.TestUnion{ .c2 = sdl-standalone.C2{ .value2 = 4.4e1 } }
final union val = sdl-standalone.TestUnion{ .c2 = sdl-standalone.C2{ .value2 = 4.4e1 } }
final union val = sdl-standalone.TestUnion{ .c2 = sdl-standalone.C2{ .value2 = 4.4e1 } }
final union val = sdl-standalone.TestUnion{ .c2 = sdl-standalone.C2{ .value2 = 4.4e1 } }
final union val = sdl-standalone.TestUnion{ .c2 = sdl-standalone.C2{ .value2 = 4.4e1 } }
final union val = sdl-standalone.TestUnion{ .c2 = sdl-standalone.C2{ .value2 = 4.4e1 } }
final union val = sdl-standalone.TestUnion{ .c2 = sdl-standalone.C2{ .value2 = 4.4e1 } }
final union val = sdl-standalone.TestUnion{ .c2 = sdl-standalone.C2{ .value2 = 4.4e1 } }
final union val = sdl-standalone.TestUnion{ .c2 = sdl-standalone.C2{ .value2 = 4.4e1 } }
final union val = sdl-standalone.TestUnion{ .c2 = sdl-standalone.C2{ .value2 = 4.4e1 } }
final union val = sdl-standalone.TestUnion{ .c2 = sdl-standalone.C2{ .value2 = 4.4e1 } }
final union val = sdl-standalone.TestUnion{ .c2 = sdl-standalone.C2{ .value2 = 4.4e1 } }
final union val = sdl-standalone.TestUnion{ .c2 = sdl-standalone.C2{ .value2 = 4.4e1 } }
final union val = sdl-standalone.TestUnion{ .c2 = sdl-standalone.C2{ .value2 = 4.4e1 } }
final union val = sdl-standalone.TestUnion{ .c2 = sdl-standalone.C2{ .value2 = 4.4e1 } }
final union val = sdl-standalone.TestUnion{ .c2 = sdl-standalone.C2{ .value2 = 4.4e1 } }
final union val = sdl-standalone.TestUnion{ .c2 = sdl-standalone.C2{ .value2 = 4.4e1 } }
final union val = sdl-standalone.TestUnion{ .c2 = sdl-standalone.C2{ .value2 = 4.4e1 } }
final union val = sdl-standalone.TestUnion{ .c2 = sdl-standalone.C2{ .value2 = 4.4e1 } }
final union val = sdl-standalone.TestUnion{ .c2 = sdl-standalone.C2{ .value2 = 4.4e1 } }
final union val = sdl-standalone.TestUnion{ .c2 = sdl-standalone.C2{ .value2 = 4.4e1 } }
final union val = sdl-standalone.TestUnion{ .c2 = sdl-standalone.C2{ .value2 = 4.4e1 } }
final union val = sdl-standalone.TestUnion{ .c2 = sdl-standalone.C2{ .value2 = 4.4e1 } }
final union val = sdl-standalone.TestUnion{ .c2 = sdl-standalone.C2{ .value2 = 4.4e1 } }
final union val = sdl-standalone.TestUnion{ .c2 = sdl-standalone.C2{ .value2 = 4.4e1 } }
final union val = sdl-standalone.TestUnion{ .c2 = sdl-standalone.C2{ .value2 = 4.4e1 } }
